<?xml version="1.0" encoding="utf-8"?><testsuites name="pytest tests"><testsuite name="pytest" errors="0" failures="0" skipped="0" tests="21" time="27.561" timestamp="2026-09-16T13:15:30.177585+08:00" hostname="濕羊很濕"><testcase classname="tests.test_agent" name="test_lan_requires_tls" time="0.076" /><testcase classname="tests.test_agent" name="test_local_watchdog_stops_without_server" time="0.269" /><testcase classname="tests.test_agent" name="test_watchdog_lease_timeout" time="0.256" /><testcase classname="tests.test_agent" name="test_cleanup_only_owned_containers" time="0.001" /><testcase classname="tests.test_agent" name="test_runner_rejects_mutable_image_and_cancel" time="0.002" /><testcase classname="tests.test_agent" name="test_worker_container_security_flags" time="0.522" /><testcase classname="tests.test_platform" name="test_permissions_and_csrf" time="1.742" /><testcase classname="tests.test_platform" name="test_round_robin_fifo_user_limit_and_three_nodes" time="1.916" /><testcase classname="tests.test_platform" name="test_concurrent_claim_only_once" time="1.642" /><testcase classname="tests.test_platform" name="test_off_requeues_and_fences_old_attempt" time="1.772" /><testcase classname="tests.test_platform" name="test_disconnect_retry_limit_and_restart" time="1.744" /><testcase classname="tests.test_platform" name="test_cancel_never_retries" time="1.680" /><testcase classname="tests.test_platform" name="test_gpu_evidence_and_result_validation" time="1.688" /><testcase classname="tests.test_platform" name="test_audio_result_batch_archive" time="1.690" /><testcase classname="tests.test_platform" name="test_pairing_one_time_and_revocation" time="1.595" /><testcase classname="tests.test_platform" name="test_schedules_and_local_stop" time="1.668" /><testcase classname="tests.test_platform" name="test_admin_reset_only_selected_demo_and_restore" time="1.620" /><testcase classname="tests.test_platform" name="test_quota_validation_disable_and_csv" time="1.681" /><testcase classname="tests.test_platform" name="test_capability_matching_memory_and_lease_renewal" time="1.727" /><testcase classname="tests.test_platform" name="test_password_change_invalidates_sessions" time="2.109" /><testcase classname="tests.test_platform" name="test_login_throttling" time="1.715" /></testsuite></testsuites>